Flow report for CPUProject
Wed Feb 23 22:45:42 2022
Quartus II 32-bit Version 13.0.1 Build 232 06/12/2013 Service Pack 1 SJ Full Version


---------------------
; Table of Contents ;
---------------------
  1. Legal Notice
  2. Flow Summary
  3. Flow Settings
  4. Flow Non-Default Global Settings
  5. Flow Elapsed Time
  6. Flow OS Summary
  7. Flow Log
  8. Flow Messages
  9. Flow Suppressed Messages



----------------
; Legal Notice ;
----------------
Copyright (C) 1991-2013 Altera Corporation
Your use of Altera Corporation's design tools, logic functions 
and other software and tools, and its AMPP partner logic 
functions, and any output files from any of the foregoing 
(including device programming or simulation files), and any 
associated documentation or information are expressly subject 
to the terms and conditions of the Altera Program License 
Subscription Agreement, Altera MegaCore Function License 
Agreement, or other applicable license agreement, including, 
without limitation, that your use is for the sole purpose of 
programming logic devices manufactured by Altera and sold by 
Altera or its authorized distributors.  Please refer to the 
applicable agreement for further details.



+---------------------------------------------------------------------------------------+
; Flow Summary                                                                          ;
+------------------------------------+--------------------------------------------------+
; Flow Status                        ; Successful - Wed Feb 23 22:45:42 2022            ;
; Quartus II 32-bit Version          ; 13.0.1 Build 232 06/12/2013 SP 1 SJ Full Version ;
; Revision Name                      ; CPUProject                                       ;
; Top-level Entity Name              ; datapath                                         ;
; Family                             ; Cyclone III                                      ;
; Device                             ; EP3C16F484C6                                     ;
; Timing Models                      ; Final                                            ;
; Total logic elements               ; 0 / 15,408 ( 0 % )                               ;
;     Total combinational functions  ; 0 / 15,408 ( 0 % )                               ;
;     Dedicated logic registers      ; 0 / 15,408 ( 0 % )                               ;
; Total registers                    ; 0                                                ;
; Total pins                         ; 91 / 347 ( 26 % )                                ;
; Total virtual pins                 ; 0                                                ;
; Total memory bits                  ; 0 / 516,096 ( 0 % )                              ;
; Embedded Multiplier 9-bit elements ; 0 / 112 ( 0 % )                                  ;
; Total PLLs                         ; 0 / 4 ( 0 % )                                    ;
+------------------------------------+--------------------------------------------------+


+-----------------------------------------+
; Flow Settings                           ;
+-------------------+---------------------+
; Option            ; Setting             ;
+-------------------+---------------------+
; Start date & time ; 02/23/2022 22:45:13 ;
; Main task         ; Compilation         ;
; Revision Name     ; CPUProject          ;
+-------------------+---------------------+


+----------------------------------------------------------------------------------------------------------------------+
; Flow Non-Default Global Settings                                                                                     ;
+--------------------------------------+--------------------------------+---------------+-------------+----------------+
; Assignment Name                      ; Value                          ; Default Value ; Entity Name ; Section Id     ;
+--------------------------------------+--------------------------------+---------------+-------------+----------------+
; COMPILER_SIGNATURE_ID                ; 10995770589188.164567431313940 ; --            ; --          ; --             ;
; EDA_DESIGN_INSTANCE_NAME             ; NA                             ; --            ; --          ; datapath_tb    ;
; EDA_NATIVELINK_SIMULATION_TEST_BENCH ; datapath_tb                    ; --            ; --          ; eda_simulation ;
; EDA_OUTPUT_DATA_FORMAT               ; Verilog Hdl                    ; --            ; --          ; eda_simulation ;
; EDA_SIMULATION_TOOL                  ; ModelSim-Altera (Verilog)      ; <None>        ; --          ; --             ;
; EDA_TEST_BENCH_ENABLE_STATUS         ; TEST_BENCH_MODE                ; --            ; --          ; eda_simulation ;
; EDA_TEST_BENCH_FILE                  ; datapath_tb.v                  ; --            ; --          ; datapath_tb    ;
; EDA_TEST_BENCH_MODULE_NAME           ; datapath_tb                    ; --            ; --          ; datapath_tb    ;
; EDA_TEST_BENCH_NAME                  ; datapath_tb                    ; --            ; --          ; eda_simulation ;
; EDA_TEST_BENCH_RUN_SIM_FOR           ; 500 ns                         ; --            ; --          ; datapath_tb    ;
; EDA_TIME_SCALE                       ; 1 ps                           ; --            ; --          ; eda_simulation ;
; MAX_CORE_JUNCTION_TEMP               ; 85                             ; --            ; --          ; --             ;
; MIN_CORE_JUNCTION_TEMP               ; 0                              ; --            ; --          ; --             ;
; NOMINAL_CORE_SUPPLY_VOLTAGE          ; 1.2V                           ; --            ; --          ; --             ;
; PARTITION_COLOR                      ; 16764057                       ; --            ; datapath    ; Top            ;
; PARTITION_FITTER_PRESERVATION_LEVEL  ; PLACEMENT_AND_ROUTING          ; --            ; datapath    ; Top            ;
; PARTITION_NETLIST_TYPE               ; SOURCE                         ; --            ; datapath    ; Top            ;
; PROJECT_OUTPUT_DIRECTORY             ; output_files                   ; --            ; --          ; --             ;
; TOP_LEVEL_ENTITY                     ; datapath                       ; CPUProject    ; --          ; --             ;
+--------------------------------------+--------------------------------+---------------+-------------+----------------+


+-------------------------------------------------------------------------------------------------------------------------------+
; Flow Elapsed Time                                                                                                             ;
+---------------------------+--------------+-------------------------+---------------------+------------------------------------+
; Module Name               ; Elapsed Time ; Average Processors Used ; Peak Virtual Memory ; Total CPU Time (on all processors) ;
+---------------------------+--------------+-------------------------+---------------------+------------------------------------+
; Analysis & Synthesis      ; 00:00:04     ; 1.0                     ; 373 MB              ; 00:00:02                           ;
; Fitter                    ; 00:00:09     ; 1.0                     ; 612 MB              ; 00:00:08                           ;
; Assembler                 ; 00:00:07     ; 1.0                     ; 362 MB              ; 00:00:02                           ;
; TimeQuest Timing Analyzer ; 00:00:05     ; 1.0                     ; 381 MB              ; 00:00:02                           ;
; EDA Netlist Writer        ; 00:00:02     ; 1.0                     ; 322 MB              ; 00:00:01                           ;
; Total                     ; 00:00:27     ; --                      ; --                  ; 00:00:15                           ;
+---------------------------+--------------+-------------------------+---------------------+------------------------------------+


+----------------------------------------------------------------------------------------+
; Flow OS Summary                                                                        ;
+---------------------------+------------------+-----------+------------+----------------+
; Module Name               ; Machine Hostname ; OS Name   ; OS Version ; Processor type ;
+---------------------------+------------------+-----------+------------+----------------+
; Analysis & Synthesis      ; PRANAV-LAPTOP    ; Windows 7 ; 6.2        ; x86_64         ;
; Fitter                    ; PRANAV-LAPTOP    ; Windows 7 ; 6.2        ; x86_64         ;
; Assembler                 ; PRANAV-LAPTOP    ; Windows 7 ; 6.2        ; x86_64         ;
; TimeQuest Timing Analyzer ; PRANAV-LAPTOP    ; Windows 7 ; 6.2        ; x86_64         ;
; EDA Netlist Writer        ; PRANAV-LAPTOP    ; Windows 7 ; 6.2        ; x86_64         ;
+---------------------------+------------------+-----------+------------+----------------+


------------
; Flow Log ;
------------
quartus_map --read_settings_files=on --write_settings_files=off CPUProject -c CPUProject
quartus_fit --read_settings_files=off --write_settings_files=off CPUProject -c CPUProject
quartus_asm --read_settings_files=off --write_settings_files=off CPUProject -c CPUProject
quartus_sta CPUProject -c CPUProject
quartus_eda --read_settings_files=off --write_settings_files=off CPUProject -c CPUProject



